<?xml version="1.0" encoding="UTF-8"?>
<testsuite name="JUnit Jupiter" tests="17" skipped="1" failures="1" errors="1" time="13.281" hostname="Trajan" timestamp="2017-04-01T23:08:28">
<properties>
<property name="awt.toolkit" value="sun.awt.X11.XToolkit"/>
<property name="file.encoding" value="UTF-8"/>
<property name="file.encoding.pkg" value="sun.io"/>
<property name="file.separator" value="/"/>
<property name="java.awt.graphicsenv" value="sun.awt.X11GraphicsEnvironment"/>
<property name="java.awt.printerjob" value="sun.print.PSPrinterJob"/>
<property name="java.class.path" value="/home/ebola/git/junit-reporter/build/classes/test:/home/ebola/git/junit-reporter/build/resources/test:/home/ebola/git/junit-reporter/build/classes/main:/home/ebola/git/junit-reporter/build/resources/main:/home/ebola/git/junit-reporter/build/pluginUnderTestMetadata:/home/ebola/.gradle/caches/3.4/generated-gradle-jars/gradle-test-kit-3.4.jar:/home/ebola/.gradle/caches/3.4/generated-gradle-jars/gradle-api-3.4.jar:/home/ebola/.gradle/wrapper/dists/gradle-3.4-bin/aeufj4znodijbvwfbsq3044r0/gradle-3.4/lib/groovy-all-2.4.7.jar:/home/ebola/.gradle/wrapper/dists/gradle-3.4-bin/aeufj4znodijbvwfbsq3044r0/gradle-3.4/lib/gradle-installation-beacon-3.4.jar:/home/ebola/.gradle/caches/modules-2/files-2.1/junit/junit/4.12/2973d150c0dc1fefe998f834810d68f278ea58ec/junit-4.12.jar:/home/ebola/.gradle/caches/modules-2/files-2.1/org.junit.jupiter/junit-jupiter-api/5.0.0-M3/a0f3d812b3f3b394f0f6b1998f706a3685b28cbe/junit-jupiter-api-5.0.0-M3.jar:/home/ebola/.gradle/caches/modules-2/files-2.1/org.junit.jupiter/junit-jupiter-engine/5.0.0-M3/f16a093cdb429dd643638f2f4c617f70568fb3/junit-jupiter-engine-5.0.0-M3.jar:/home/ebola/.gradle/caches/modules-2/files-2.1/org.hamcrest/hamcrest-core/1.3/42a25dc3219429f0e5d060061f71acb49bf010a0/hamcrest-core-1.3.jar:/home/ebola/.gradle/caches/modules-2/files-2.1/org.opentest4j/opentest4j/1.0.0-M1/b091255eafd515995a5c5fa042cd8db6f4860bf6/opentest4j-1.0.0-M1.jar:/home/ebola/.gradle/caches/modules-2/files-2.1/org.junit.platform/junit-platform-commons/1.0.0-M3/d5c77e2df6a820ae30fc17f21a3f8cfc03183980/junit-platform-commons-1.0.0-M3.jar:/home/ebola/.gradle/caches/modules-2/files-2.1/org.junit.platform/junit-platform-engine/1.0.0-M3/39a1db55680c9f32985c84ba2951912138b18ac3/junit-platform-engine-1.0.0-M3.jar:/home/ebola/.gradle/caches/modules-2/files-2.1/org.junit.platform/junit-platform-launcher/1.0.0-M3/86525f5274dee56f533f938f9aeae9a3716f8c4/junit-platform-launcher-1.0.0-M3.jar:/home/ebola/.gradle/caches/modules-2/files-2.1/org.junit.platform/junit-platform-console/1.0.0-M3/fec4071130bcec4081b868a59fa6cad47f11733/junit-platform-console-1.0.0-M3.jar"/>
<property name="java.class.version" value="53.0"/>
<property name="java.home" value="/usr/lib/jvm/java-9-openjdk-amd64"/>
<property name="java.io.tmpdir" value="/tmp"/>
<property name="java.library.path" value="/usr/java/packages/lib/amd64:/usr/lib/x86_64-linux-gnu/jni:/lib/x86_64-linux-gnu:/usr/lib/x86_64-linux-gnu:/usr/lib/jni:/lib:/usr/lib"/>
<property name="java.runtime.name" value="OpenJDK Runtime Environment"/>
<property name="java.runtime.version" value="9-internal+0-2016-04-14-195246.buildd.src"/>
<property name="java.specification.name" value="Java Platform API Specification"/>
<property name="java.specification.vendor" value="Oracle Corporation"/>
<property name="java.specification.version" value="9"/>
<property name="java.vendor" value="Oracle Corporation"/>
<property name="java.vendor.url" value="http://java.oracle.com/"/>
<property name="java.vendor.url.bug" value="http://bugreport.java.com/bugreport/"/>
<property name="java.version" value="9-internal"/>
<property name="java.vm.compressedOopsMode" value="32-bit"/>
<property name="java.vm.info" value="mixed mode"/>
<property name="java.vm.name" value="OpenJDK 64-Bit Server VM"/>
<property name="java.vm.specification.name" value="Java Virtual Machine Specification"/>
<property name="java.vm.specification.vendor" value="Oracle Corporation"/>
<property name="java.vm.specification.version" value="9"/>
<property name="java.vm.vendor" value="Oracle Corporation"/>
<property name="java.vm.version" value="9-internal+0-2016-04-14-195246.buildd.src"/>
<property name="jdk.debug" value="release"/>
<property name="library.jansi.path" value="/tmp/gradle1130810699219178395projectDir/userHome/native/jansi/null/linux64"/>
<property name="line.separator" value="
"/>
<property name="os.arch" value="amd64"/>
<property name="os.name" value="Linux"/>
<property name="os.version" value="4.4.0-70-generic"/>
<property name="path.separator" value=":"/>
<property name="sun.arch.data.model" value="64"/>
<property name="sun.boot.library.path" value="/usr/lib/jvm/java-9-openjdk-amd64/lib/amd64"/>
<property name="sun.cpu.endian" value="little"/>
<property name="sun.cpu.isalist" value=""/>
<property name="sun.desktop" value="gnome"/>
<property name="sun.io.unicode.encoding" value="UnicodeLittle"/>
<property name="sun.java.command" value="org.junit.platform.console.ConsoleLauncher --hide-details --scan-class-path /home/ebola/git/junit-reporter/build/classes/main:/home/ebola/git/junit-reporter/build/resources/main:/home/ebola/git/junit-reporter/build/classes/test:/home/ebola/git/junit-reporter/build/resources/test -n ^.*Tests?$ --reports-dir /home/ebola/git/junit-reporter/build/test-results/junit-platform"/>
<property name="sun.java.launcher" value="SUN_STANDARD"/>
<property name="sun.jnu.encoding" value="UTF-8"/>
<property name="sun.management.compiler" value="HotSpot 64-Bit Tiered Compilers"/>
<property name="sun.os.patch.level" value="unknown"/>
<property name="user.country" value="GB"/>
<property name="user.dir" value="/home/ebola/git/junit-reporter"/>
<property name="user.home" value="/home/ebola"/>
<property name="user.language" value="en"/>
<property name="user.name" value="ebola"/>
<property name="user.timezone" value="Australia/Melbourne"/>
<property name="user.variant" value=""/>
</properties>
<testcase name="taskIsAppliedToProject()" classname="com.kncept.junit5.reporter.TestHTMLReporterPluginTest" time="12.737">
<system-out><![CDATA[
unique-id: [engine:junit-jupiter]/[class:com.kncept.junit5.reporter.TestHTMLReporterPluginTest]/[method:taskIsAppliedToProject()]
display-name: taskIsAppliedToProject()
]]></system-out>
</testcase>
<testcase name="writesEnougFiles()" classname="com.kncept.junit5.reporter.html.TestHTMLReportWriterTest" time="0.016">
<system-out><![CDATA[
unique-id: [engine:junit-jupiter]/[class:com.kncept.junit5.reporter.html.TestHTMLReportWriterTest]/[method:writesEnougFiles()]
display-name: writesEnougFiles()
]]></system-out>
</testcase>
<testcase name="canFindTemplates()" classname="com.kncept.junit5.reporter.html.TestHTMLReportWriterTest" time="0">
<system-out><![CDATA[
unique-id: [engine:junit-jupiter]/[class:com.kncept.junit5.reporter.html.TestHTMLReportWriterTest]/[method:canFindTemplates()]
display-name: canFindTemplates()
]]></system-out>
</testcase>
<testcase name="category()" classname="com.kncept.junit5.reporter.html.TestHTMLReportWriterTest" time="0.003">
<system-out><![CDATA[
unique-id: [engine:junit-jupiter]/[class:com.kncept.junit5.reporter.html.TestHTMLReportWriterTest]/[method:category()]
display-name: category()
]]></system-out>
</testcase>
<testcase name="canReadProperties()" classname="com.kncept.junit5.reporter.xml.TestResultsXMLReaderTest" time="0.331">
<system-out><![CDATA[
unique-id: [engine:junit-jupiter]/[class:com.kncept.junit5.reporter.xml.TestResultsXMLReaderTest]/[method:canReadProperties()]
display-name: canReadProperties()
]]></system-out>
</testcase>
<testcase name="canReadTestCases()" classname="com.kncept.junit5.reporter.xml.TestResultsXMLReaderTest" time="0.016">
<system-out><![CDATA[
unique-id: [engine:junit-jupiter]/[class:com.kncept.junit5.reporter.xml.TestResultsXMLReaderTest]/[method:canReadTestCases()]
display-name: canReadTestCases()
]]></system-out>
</testcase>
<testcase name="canReadMultilineOutput()" classname="com.kncept.junit5.reporter.xml.TestResultsXMLReaderTest" time="0.015">
<system-out><![CDATA[
unique-id: [engine:junit-jupiter]/[class:com.kncept.junit5.reporter.xml.TestResultsXMLReaderTest]/[method:canReadMultilineOutput()]
display-name: canReadMultilineOutput()
]]></system-out>
</testcase>
<testcase name="canFindFailedTests()" classname="com.kncept.junit5.reporter.xml.TestResultsXMLReaderTest" time="0.008">
<system-out><![CDATA[
unique-id: [engine:junit-jupiter]/[class:com.kncept.junit5.reporter.xml.TestResultsXMLReaderTest]/[method:canFindFailedTests()]
display-name: canFindFailedTests()
]]></system-out>
</testcase>
<testcase name="canFindErroredTests()" classname="com.kncept.junit5.reporter.xml.TestResultsXMLReaderTest" time="0.018">
<system-out><![CDATA[
unique-id: [engine:junit-jupiter]/[class:com.kncept.junit5.reporter.xml.TestResultsXMLReaderTest]/[method:canFindErroredTests()]
display-name: canFindErroredTests()
]]></system-out>
</testcase>
<testcase name="exception()" classname="com.kncept.junit5.reporter.J5T2Test" time="0.004">
<error message="RuntimeException message" type="java.lang.RuntimeException"><![CDATA[java.lang.RuntimeException: RuntimeException message
	at com.kncept.junit5.reporter.J5T2Test.exception(J5T2Test.java:56)
	at sun.reflect.NativeMethodAccessorImpl.invoke0(java.base@9-internal/Native Method)
	at sun.reflect.NativeMethodAccessorImpl.invoke(java.base@9-internal/NativeMethodAccessorImpl.java:62)
	at sun.reflect.DelegatingMethodAccessorImpl.invoke(java.base@9-internal/DelegatingMethodAccessorImpl.java:43)
	at java.lang.reflect.Method.invoke(java.base@9-internal/Method.java:531)
	at org.junit.platform.commons.util.ReflectionUtils.invokeMethod(ReflectionUtils.java:289)
	at org.junit.jupiter.engine.execution.ExecutableInvoker.invoke(ExecutableInvoker.java:114)
	at org.junit.jupiter.engine.descriptor.MethodTestDescriptor.lambda$invokeTestMethod$7(MethodTestDescriptor.java:212)
	at org.junit.jupiter.engine.execution.ThrowableCollector.execute(ThrowableCollector.java:40)
	at org.junit.jupiter.engine.descriptor.MethodTestDescriptor.invokeTestMethod(MethodTestDescriptor.java:208)
	at org.junit.jupiter.engine.descriptor.MethodTestDescriptor.execute(MethodTestDescriptor.java:155)
	at org.junit.jupiter.engine.descriptor.MethodTestDescriptor.execute(MethodTestDescriptor.java:63)
	at org.junit.platform.engine.support.hierarchical.HierarchicalTestExecutor.lambda$execute$0(HierarchicalTestExecutor.java:80)
	at org.junit.platform.engine.support.hierarchical.SingleTestExecutor.executeSafely(SingleTestExecutor.java:66)
	at org.junit.platform.engine.support.hierarchical.HierarchicalTestExecutor.execute(HierarchicalTestExecutor.java:76)
	at org.junit.platform.engine.support.hierarchical.HierarchicalTestExecutor.lambda$execute$0(HierarchicalTestExecutor.java:87)
	at org.junit.platform.engine.support.hierarchical.SingleTestExecutor.executeSafely(SingleTestExecutor.java:66)
	at org.junit.platform.engine.support.hierarchical.HierarchicalTestExecutor.execute(HierarchicalTestExecutor.java:76)
	at org.junit.platform.engine.support.hierarchical.HierarchicalTestExecutor.lambda$execute$0(HierarchicalTestExecutor.java:87)
	at org.junit.platform.engine.support.hierarchical.SingleTestExecutor.executeSafely(SingleTestExecutor.java:66)
	at org.junit.platform.engine.support.hierarchical.HierarchicalTestExecutor.execute(HierarchicalTestExecutor.java:76)
	at org.junit.platform.engine.support.hierarchical.HierarchicalTestExecutor.execute(HierarchicalTestExecutor.java:51)
	at org.junit.platform.engine.support.hierarchical.HierarchicalTestEngine.execute(HierarchicalTestEngine.java:43)
	at org.junit.platform.launcher.core.DefaultLauncher.execute(DefaultLauncher.java:129)
	at org.junit.platform.launcher.core.DefaultLauncher.execute(DefaultLauncher.java:85)
	at org.junit.platform.console.tasks.ExecuteTestsTask.executeTests(ExecuteTestsTask.java:62)
	at org.junit.platform.console.tasks.ExecuteTestsTask.lambda$execute$0(ExecuteTestsTask.java:54)
	at org.junit.platform.console.tasks.CustomContextClassLoaderExecutor.invoke(CustomContextClassLoaderExecutor.java:33)
	at org.junit.platform.console.tasks.ExecuteTestsTask.execute(ExecuteTestsTask.java:54)
	at org.junit.platform.console.tasks.ConsoleTaskExecutor.executeTask(ConsoleTaskExecutor.java:38)
	at org.junit.platform.console.ConsoleLauncher.execute(ConsoleLauncher.java:54)
	at org.junit.platform.console.ConsoleLauncher.main(ConsoleLauncher.java:39)
]]></error>
<system-out><![CDATA[
unique-id: [engine:junit-jupiter]/[class:com.kncept.junit5.reporter.J5T2Test]/[method:exception()]
display-name: exception()
]]></system-out>
</testcase>
<testcase name="j5Stub()" classname="com.kncept.junit5.reporter.J5T2Test" time="0">
<system-out><![CDATA[
unique-id: [engine:junit-jupiter]/[class:com.kncept.junit5.reporter.J5T2Test]/[method:j5Stub()]
display-name: j5Stub()
]]></system-out>
</testcase>
<testcase name="sysout()" classname="com.kncept.junit5.reporter.J5T2Test" time="0.007">
<system-out><![CDATA[
unique-id: [engine:junit-jupiter]/[class:com.kncept.junit5.reporter.J5T2Test]/[method:sysout()]
display-name: sysout()
]]></system-out>
</testcase>
<testcase name="syserr()" classname="com.kncept.junit5.reporter.J5T2Test" time="0.011">
<system-out><![CDATA[
unique-id: [engine:junit-jupiter]/[class:com.kncept.junit5.reporter.J5T2Test]/[method:syserr()]
display-name: syserr()
]]></system-out>
</testcase>
<testcase name="errAndOut()" classname="com.kncept.junit5.reporter.J5T2Test" time="0">
<system-out><![CDATA[
unique-id: [engine:junit-jupiter]/[class:com.kncept.junit5.reporter.J5T2Test]/[method:errAndOut()]
display-name: errAndOut()
]]></system-out>
</testcase>
<testcase name="renamedTest()" classname="com.kncept.junit5.reporter.J5T2Test" time="0.003">
<system-out><![CDATA[
unique-id: [engine:junit-jupiter]/[class:com.kncept.junit5.reporter.J5T2Test]/[method:renamedTest()]
display-name: test that has been renamed
]]></system-out>
</testcase>
<testcase name="skippedTest()" classname="com.kncept.junit5.reporter.J5T2Test" time="0">
<skipped><![CDATA[public void com.kncept.junit5.reporter.J5T2Test.skippedTest() is @Disabled]]></skipped>
<system-out><![CDATA[
unique-id: [engine:junit-jupiter]/[class:com.kncept.junit5.reporter.J5T2Test]/[method:skippedTest()]
display-name: skippedTest()
]]></system-out>
</testcase>
<testcase name="failingTest()" classname="com.kncept.junit5.reporter.J5T2Test" time="0.001">
<failure message="Failure Message passed into Assertions.fail" type="org.opentest4j.AssertionFailedError"><![CDATA[org.opentest4j.AssertionFailedError: Failure Message passed into Assertions.fail
	at org.junit.jupiter.api.AssertionUtils.fail(AssertionUtils.java:34)
	at org.junit.jupiter.api.AssertionUtils.fail(AssertionUtils.java:30)
	at org.junit.jupiter.api.Assertions.fail(Assertions.java:54)
	at com.kncept.junit5.reporter.J5T2Test.failingTest(J5T2Test.java:50)
	at sun.reflect.NativeMethodAccessorImpl.invoke0(java.base@9-internal/Native Method)
	at sun.reflect.NativeMethodAccessorImpl.invoke(java.base@9-internal/NativeMethodAccessorImpl.java:62)
	at sun.reflect.DelegatingMethodAccessorImpl.invoke(java.base@9-internal/DelegatingMethodAccessorImpl.java:43)
	at java.lang.reflect.Method.invoke(java.base@9-internal/Method.java:531)
	at org.junit.platform.commons.util.ReflectionUtils.invokeMethod(ReflectionUtils.java:289)
	at org.junit.jupiter.engine.execution.ExecutableInvoker.invoke(ExecutableInvoker.java:114)
	at org.junit.jupiter.engine.descriptor.MethodTestDescriptor.lambda$invokeTestMethod$7(MethodTestDescriptor.java:212)
	at org.junit.jupiter.engine.execution.ThrowableCollector.execute(ThrowableCollector.java:40)
	at org.junit.jupiter.engine.descriptor.MethodTestDescriptor.invokeTestMethod(MethodTestDescriptor.java:208)
	at org.junit.jupiter.engine.descriptor.MethodTestDescriptor.execute(MethodTestDescriptor.java:155)
	at org.junit.jupiter.engine.descriptor.MethodTestDescriptor.execute(MethodTestDescriptor.java:63)
	at org.junit.platform.engine.support.hierarchical.HierarchicalTestExecutor.lambda$execute$0(HierarchicalTestExecutor.java:80)
	at org.junit.platform.engine.support.hierarchical.SingleTestExecutor.executeSafely(SingleTestExecutor.java:66)
	at org.junit.platform.engine.support.hierarchical.HierarchicalTestExecutor.execute(HierarchicalTestExecutor.java:76)
	at org.junit.platform.engine.support.hierarchical.HierarchicalTestExecutor.lambda$execute$0(HierarchicalTestExecutor.java:87)
	at org.junit.platform.engine.support.hierarchical.SingleTestExecutor.executeSafely(SingleTestExecutor.java:66)
	at org.junit.platform.engine.support.hierarchical.HierarchicalTestExecutor.execute(HierarchicalTestExecutor.java:76)
	at org.junit.platform.engine.support.hierarchical.HierarchicalTestExecutor.lambda$execute$0(HierarchicalTestExecutor.java:87)
	at org.junit.platform.engine.support.hierarchical.SingleTestExecutor.executeSafely(SingleTestExecutor.java:66)
	at org.junit.platform.engine.support.hierarchical.HierarchicalTestExecutor.execute(HierarchicalTestExecutor.java:76)
	at org.junit.platform.engine.support.hierarchical.HierarchicalTestExecutor.execute(HierarchicalTestExecutor.java:51)
	at org.junit.platform.engine.support.hierarchical.HierarchicalTestEngine.execute(HierarchicalTestEngine.java:43)
	at org.junit.platform.launcher.core.DefaultLauncher.execute(DefaultLauncher.java:129)
	at org.junit.platform.launcher.core.DefaultLauncher.execute(DefaultLauncher.java:85)
	at org.junit.platform.console.tasks.ExecuteTestsTask.executeTests(ExecuteTestsTask.java:62)
	at org.junit.platform.console.tasks.ExecuteTestsTask.lambda$execute$0(ExecuteTestsTask.java:54)
	at org.junit.platform.console.tasks.CustomContextClassLoaderExecutor.invoke(CustomContextClassLoaderExecutor.java:33)
	at org.junit.platform.console.tasks.ExecuteTestsTask.execute(ExecuteTestsTask.java:54)
	at org.junit.platform.console.tasks.ConsoleTaskExecutor.executeTask(ConsoleTaskExecutor.java:38)
	at org.junit.platform.console.ConsoleLauncher.execute(ConsoleLauncher.java:54)
	at org.junit.platform.console.ConsoleLauncher.main(ConsoleLauncher.java:39)
]]></failure>
<system-out><![CDATA[
unique-id: [engine:junit-jupiter]/[class:com.kncept.junit5.reporter.J5T2Test]/[method:failingTest()]
display-name: failingTest()
]]></system-out>
</testcase>
<system-out><![CDATA[
unique-id: [engine:junit-jupiter]
display-name: JUnit Jupiter
]]></system-out>
</testsuite>
